<?xml version="1.0" encoding="UTF-8"?>
<testng-results ignored="0" total="1" passed="1" failed="0" skipped="0">
  <reporter-output>
    <line>
      <![CDATA[Application launched]]>
    </line>
    <line>
      <![CDATA[Login Successful-Reporter]]>
    </line>
  </reporter-output>
  <suite started-at="2021-04-06T17:00:53Z" name="Default suite" finished-at="2021-04-06T17:01:09Z" duration-ms="15683">
    <groups>
    </groups>
    <test started-at="2021-04-06T17:00:53Z" name="Default test" finished-at="2021-04-06T17:01:09Z" duration-ms="15683">
      <class name="com.automation.testcases.LandingPageTest">
        <test-method is-config="true" signature="setUpData()[pri:0, instance:com.automation.testcases.LandingPageTest@c7045b9]" started-at="2021-04-06T22:30:53Z" name="setUpData" finished-at="2021-04-06T22:30:53Z" duration-ms="610" status="PASS">
          <reporter-output>
          </reporter-output>
        </test-method> <!-- setUpData -->
        <test-method is-config="true" signature="startApp()[pri:0, instance:com.automation.testcases.LandingPageTest@c7045b9]" started-at="2021-04-06T22:30:53Z" name="startApp" finished-at="2021-04-06T22:31:02Z" duration-ms="8363" status="PASS">
          <reporter-output>
            <line>
              <![CDATA[Application launched]]>
            </line>
          </reporter-output>
        </test-method> <!-- startApp -->
        <test-method signature="testLogin()[pri:0, instance:com.automation.testcases.LandingPageTest@c7045b9]" started-at="2021-04-06T22:31:02Z" name="testLogin" finished-at="2021-04-06T22:31:09Z" duration-ms="6695" status="PASS">
          <reporter-output>
            <line>
              <![CDATA[Login Successful-Reporter]]>
            </line>
          </reporter-output>
        </test-method> <!-- testLogin -->
        <test-method is-config="true" signature="captureScreenshot(org.testng.ITestResult)[pri:0, instance:com.automation.testcases.LandingPageTest@c7045b9]" started-at="2021-04-06T22:31:09Z" name="captureScreenshot" finished-at="2021-04-06T22:31:09Z" duration-ms="354" status="PASS">
          <params>
            <param index="0">
              <value>
                <![CDATA[[TestResult name=testLogin status=SUCCESS method=LandingPageTest.testLogin()[pri:0, instance:com.automation.testcases.LandingPageTest@c7045b9] output=Login Successful-Reporter]]]>
              </value>
            </param>
          </params>
          <reporter-output>
          </reporter-output>
        </test-method> <!-- captureScreenshot -->
        <test-method is-config="true" signature="closeApplication()[pri:0, instance:com.automation.testcases.LandingPageTest@c7045b9]" started-at="2021-04-06T22:31:09Z" name="closeApplication" finished-at="2021-04-06T22:31:09Z" duration-ms="254" status="PASS">
          <reporter-output>
          </reporter-output>
        </test-method> <!-- closeApplication -->
      </class> <!-- com.automation.testcases.LandingPageTest -->
    </test> <!-- Default test -->
  </suite> <!-- Default suite -->
</testng-results>
